2025-08-22 13:36:29,430 DEBUG    root            Loaded Command Group: ['gcloud', 'components']
2025-08-22 13:36:29,433 DEBUG    root            Loaded Command Group: ['gcloud', 'components', 'update']
2025-08-22 13:36:29,435 DEBUG    root            Running [gcloud.components.update] with arguments: [--compile-python: "True", --quiet: "True", COMPONENT-IDS:6: "['core', 'gcloud-deps', 'bq', 'gcloud', 'gcloud-crc32c', 'gsutil']"]
2025-08-22 13:36:29,436 INFO     ___FILE_ONLY___ Beginning update. This process may take several minutes.

2025-08-22 13:36:29,469 DEBUG    urllib3.connectionpool Starting new HTTPS connection (1): dl.google.com:443
2025-08-22 13:36:30,440 DEBUG    urllib3.connectionpool https://dl.google.com:443 "GET /dl/cloudsdk/channels/rapid/components-2.json HTTP/11" 200 233150
2025-08-22 13:36:30,452 INFO     ___FILE_ONLY___ 

2025-08-22 13:36:30,453 INFO     ___FILE_ONLY___ 
Your current Google Cloud CLI version is: 535.0.0

2025-08-22 13:36:30,453 INFO     ___FILE_ONLY___ Installing components from version: 535.0.0

2025-08-22 13:36:30,453 INFO     ___FILE_ONLY___ 

2025-08-22 13:36:30,453 DEBUG    root            Chosen display Format:table[box,title="These components will be removed."](details.display_name:label=Name:align=left,version.version_string:label=Version:align=right,data.size.size(zero="",min=1048576):label=Size:align=right)
2025-08-22 13:36:30,454 DEBUG    root            Chosen display Format:table[box,title="These components will be updated."](details.display_name:label=Name:align=left,version.version_string:label=Version:align=right,data.size.size(zero="",min=1048576):label=Size:align=right)
2025-08-22 13:36:30,454 DEBUG    root            Chosen display Format:table[box,title="These components will be installed."](details.display_name:label=Name:align=left,version.version_string:label=Version:align=right,data.size.size(zero="",min=1048576):label=Size:align=right)
2025-08-22 13:36:30,494 INFO     ___FILE_ONLY___ ┌─────────────────────────────────────────────────────────────────────────────┐
2025-08-22 13:36:30,494 INFO     ___FILE_ONLY___ 

2025-08-22 13:36:30,494 INFO     ___FILE_ONLY___ │                     These components will be installed.                     │
2025-08-22 13:36:30,494 INFO     ___FILE_ONLY___ 

2025-08-22 13:36:30,494 INFO     ___FILE_ONLY___ ├─────────────────────────────────────────────────────┬────────────┬──────────┤
2025-08-22 13:36:30,494 INFO     ___FILE_ONLY___ 

2025-08-22 13:36:30,494 INFO     ___FILE_ONLY___ │                         Name                        │  Version   │   Size   │
2025-08-22 13:36:30,494 INFO     ___FILE_ONLY___ 

2025-08-22 13:36:30,494 INFO     ___FILE_ONLY___ ├─────────────────────────────────────────────────────┼────────────┼──────────┤
2025-08-22 13:36:30,494 INFO     ___FILE_ONLY___ 

2025-08-22 13:36:30,494 INFO     ___FILE_ONLY___ │ 
2025-08-22 13:36:30,495 INFO     ___FILE_ONLY___ BigQuery Command Line Tool                         
2025-08-22 13:36:30,495 INFO     ___FILE_ONLY___  
2025-08-22 13:36:30,495 INFO     ___FILE_ONLY___ │ 
2025-08-22 13:36:30,495 INFO     ___FILE_ONLY___     2.1.22
2025-08-22 13:36:30,495 INFO     ___FILE_ONLY___  
2025-08-22 13:36:30,495 INFO     ___FILE_ONLY___ │ 
2025-08-22 13:36:30,495 INFO     ___FILE_ONLY___  1.8 MiB
2025-08-22 13:36:30,495 INFO     ___FILE_ONLY___  
2025-08-22 13:36:30,495 INFO     ___FILE_ONLY___ │
2025-08-22 13:36:30,495 INFO     ___FILE_ONLY___ 

2025-08-22 13:36:30,495 INFO     ___FILE_ONLY___ │ 
2025-08-22 13:36:30,495 INFO     ___FILE_ONLY___ BigQuery Command Line Tool (Platform Specific)     
2025-08-22 13:36:30,495 INFO     ___FILE_ONLY___  
2025-08-22 13:36:30,496 INFO     ___FILE_ONLY___ │ 
2025-08-22 13:36:30,496 INFO     ___FILE_ONLY___     2.1.17
2025-08-22 13:36:30,496 INFO     ___FILE_ONLY___  
2025-08-22 13:36:30,496 INFO     ___FILE_ONLY___ │ 
2025-08-22 13:36:30,496 INFO     ___FILE_ONLY___  < 1 MiB
2025-08-22 13:36:30,496 INFO     ___FILE_ONLY___  
2025-08-22 13:36:30,496 INFO     ___FILE_ONLY___ │
2025-08-22 13:36:30,496 INFO     ___FILE_ONLY___ 

2025-08-22 13:36:30,496 INFO     ___FILE_ONLY___ │ 
2025-08-22 13:36:30,496 INFO     ___FILE_ONLY___ Bundled Python 3.12 (Platform Specific)            
2025-08-22 13:36:30,496 INFO     ___FILE_ONLY___  
2025-08-22 13:36:30,496 INFO     ___FILE_ONLY___ │ 
2025-08-22 13:36:30,496 INFO     ___FILE_ONLY___     3.12.9
2025-08-22 13:36:30,497 INFO     ___FILE_ONLY___  
2025-08-22 13:36:30,497 INFO     ___FILE_ONLY___ │ 
2025-08-22 13:36:30,497 INFO     ___FILE_ONLY___ 89.3 MiB
2025-08-22 13:36:30,497 INFO     ___FILE_ONLY___  
2025-08-22 13:36:30,497 INFO     ___FILE_ONLY___ │
2025-08-22 13:36:30,497 INFO     ___FILE_ONLY___ 

2025-08-22 13:36:30,497 INFO     ___FILE_ONLY___ │ 
2025-08-22 13:36:30,497 INFO     ___FILE_ONLY___ Cloud Storage Command Line Tool                    
2025-08-22 13:36:30,497 INFO     ___FILE_ONLY___  
2025-08-22 13:36:30,497 INFO     ___FILE_ONLY___ │ 
2025-08-22 13:36:30,497 INFO     ___FILE_ONLY___       5.35
2025-08-22 13:36:30,497 INFO     ___FILE_ONLY___  
2025-08-22 13:36:30,497 INFO     ___FILE_ONLY___ │ 
2025-08-22 13:36:30,497 INFO     ___FILE_ONLY___ 12.4 MiB
2025-08-22 13:36:30,498 INFO     ___FILE_ONLY___  
2025-08-22 13:36:30,498 INFO     ___FILE_ONLY___ │
2025-08-22 13:36:30,498 INFO     ___FILE_ONLY___ 

2025-08-22 13:36:30,498 INFO     ___FILE_ONLY___ │ 
2025-08-22 13:36:30,498 INFO     ___FILE_ONLY___ Cloud Storage Command Line Tool (Platform Specific)
2025-08-22 13:36:30,498 INFO     ___FILE_ONLY___  
2025-08-22 13:36:30,498 INFO     ___FILE_ONLY___ │ 
2025-08-22 13:36:30,498 INFO     ___FILE_ONLY___       5.34
2025-08-22 13:36:30,498 INFO     ___FILE_ONLY___  
2025-08-22 13:36:30,498 INFO     ___FILE_ONLY___ │ 
2025-08-22 13:36:30,498 INFO     ___FILE_ONLY___  < 1 MiB
2025-08-22 13:36:30,498 INFO     ___FILE_ONLY___  
2025-08-22 13:36:30,499 INFO     ___FILE_ONLY___ │
2025-08-22 13:36:30,499 INFO     ___FILE_ONLY___ 

2025-08-22 13:36:30,499 INFO     ___FILE_ONLY___ │ 
2025-08-22 13:36:30,499 INFO     ___FILE_ONLY___ Google Cloud CLI Core Libraries (Platform Specific)
2025-08-22 13:36:30,499 INFO     ___FILE_ONLY___  
2025-08-22 13:36:30,499 INFO     ___FILE_ONLY___ │ 
2025-08-22 13:36:30,499 INFO     ___FILE_ONLY___ 2025.05.23
2025-08-22 13:36:30,499 INFO     ___FILE_ONLY___  
2025-08-22 13:36:30,499 INFO     ___FILE_ONLY___ │ 
2025-08-22 13:36:30,499 INFO     ___FILE_ONLY___  < 1 MiB
2025-08-22 13:36:30,499 INFO     ___FILE_ONLY___  
2025-08-22 13:36:30,499 INFO     ___FILE_ONLY___ │
2025-08-22 13:36:30,499 INFO     ___FILE_ONLY___ 

2025-08-22 13:36:30,499 INFO     ___FILE_ONLY___ │ 
2025-08-22 13:36:30,500 INFO     ___FILE_ONLY___ Google Cloud CRC32C Hash Tool (Platform Specific)  
2025-08-22 13:36:30,500 INFO     ___FILE_ONLY___  
2025-08-22 13:36:30,500 INFO     ___FILE_ONLY___ │ 
2025-08-22 13:36:30,500 INFO     ___FILE_ONLY___      1.0.0
2025-08-22 13:36:30,500 INFO     ___FILE_ONLY___  
2025-08-22 13:36:30,500 INFO     ___FILE_ONLY___ │ 
2025-08-22 13:36:30,500 INFO     ___FILE_ONLY___  1.5 MiB
2025-08-22 13:36:30,500 INFO     ___FILE_ONLY___  
2025-08-22 13:36:30,500 INFO     ___FILE_ONLY___ │
2025-08-22 13:36:30,500 INFO     ___FILE_ONLY___ 

2025-08-22 13:36:30,500 INFO     ___FILE_ONLY___ │ 
2025-08-22 13:36:30,500 INFO     ___FILE_ONLY___ gcloud cli dependencies (Platform Specific)        
2025-08-22 13:36:30,500 INFO     ___FILE_ONLY___  
2025-08-22 13:36:30,500 INFO     ___FILE_ONLY___ │ 
2025-08-22 13:36:30,500 INFO     ___FILE_ONLY___ 2021.04.16
2025-08-22 13:36:30,501 INFO     ___FILE_ONLY___  
2025-08-22 13:36:30,501 INFO     ___FILE_ONLY___ │ 
2025-08-22 13:36:30,501 INFO     ___FILE_ONLY___  < 1 MiB
2025-08-22 13:36:30,501 INFO     ___FILE_ONLY___  
2025-08-22 13:36:30,501 INFO     ___FILE_ONLY___ │
2025-08-22 13:36:30,501 INFO     ___FILE_ONLY___ 

2025-08-22 13:36:30,501 INFO     ___FILE_ONLY___ └─────────────────────────────────────────────────────┴────────────┴──────────┘
2025-08-22 13:36:30,501 INFO     ___FILE_ONLY___ 

2025-08-22 13:36:30,501 INFO     ___FILE_ONLY___ 

2025-08-22 13:36:30,504 DEBUG    urllib3.connectionpool Starting new HTTPS connection (1): dl.google.com:443
2025-08-22 13:36:31,480 DEBUG    urllib3.connectionpool https://dl.google.com:443 "GET /dl/cloudsdk/channels/rapid/RELEASE_NOTES HTTP/11" 200 1469015
2025-08-22 13:36:31,983 INFO     ___FILE_ONLY___ For the latest full release notes, please visit:
  https://cloud.google.com/sdk/release_notes


2025-08-22 13:36:31,983 INFO     ___FILE_ONLY___ Performing in place update...


2025-08-22 13:36:31,985 INFO     ___FILE_ONLY___ ╔════════════════════════════════════════════════════════════╗

2025-08-22 13:36:31,986 INFO     ___FILE_ONLY___ ╠═ Downloading: BigQuery Command Line Tool                  ═╣

2025-08-22 13:36:31,986 INFO     ___FILE_ONLY___ ╚
2025-08-22 13:36:31,989 DEBUG    urllib3.connectionpool Starting new HTTPS connection (1): dl.google.com:443
2025-08-22 13:36:32,174 DEBUG    urllib3.connectionpool https://dl.google.com:443 "GET /dl/cloudsdk/channels/rapid/components/google-cloud-sdk-bq-20250801150402.tar.gz HTTP/11" 200 1856357
2025-08-22 13:36:32,185 INFO     ___FILE_ONLY___ ═
2025-08-22 13:36:32,185 INFO     ___FILE_ONLY___ ═
2025-08-22 13:36:32,186 INFO     ___FILE_ONLY___ ═
2025-08-22 13:36:32,186 INFO     ___FILE_ONLY___ ═
2025-08-22 13:36:32,186 INFO     ___FILE_ONLY___ ═
2025-08-22 13:36:32,186 INFO     ___FILE_ONLY___ ═
2025-08-22 13:36:32,186 INFO     ___FILE_ONLY___ ═
2025-08-22 13:36:32,186 INFO     ___FILE_ONLY___ ═
2025-08-22 13:36:32,186 INFO     ___FILE_ONLY___ ═
2025-08-22 13:36:32,186 INFO     ___FILE_ONLY___ ═
2025-08-22 13:36:32,187 INFO     ___FILE_ONLY___ ═
2025-08-22 13:36:32,187 INFO     ___FILE_ONLY___ ═
2025-08-22 13:36:32,187 INFO     ___FILE_ONLY___ ═
2025-08-22 13:36:32,187 INFO     ___FILE_ONLY___ ═
2025-08-22 13:36:32,187 INFO     ___FILE_ONLY___ ═
2025-08-22 13:36:32,187 INFO     ___FILE_ONLY___ ═
2025-08-22 13:36:32,187 INFO     ___FILE_ONLY___ ═
2025-08-22 13:36:32,187 INFO     ___FILE_ONLY___ ═
2025-08-22 13:36:32,188 INFO     ___FILE_ONLY___ ═
2025-08-22 13:36:32,188 INFO     ___FILE_ONLY___ ═
2025-08-22 13:36:32,188 INFO     ___FILE_ONLY___ ═
2025-08-22 13:36:32,188 INFO     ___FILE_ONLY___ ═
2025-08-22 13:36:32,188 INFO     ___FILE_ONLY___ ═
2025-08-22 13:36:32,188 INFO     ___FILE_ONLY___ ═
2025-08-22 13:36:32,188 INFO     ___FILE_ONLY___ ═
2025-08-22 13:36:32,188 INFO     ___FILE_ONLY___ ═
2025-08-22 13:36:32,189 INFO     ___FILE_ONLY___ ═
2025-08-22 13:36:32,189 INFO     ___FILE_ONLY___ ═
2025-08-22 13:36:32,189 INFO     ___FILE_ONLY___ ═
2025-08-22 13:36:32,189 INFO     ___FILE_ONLY___ ═
2025-08-22 13:36:32,189 INFO     ___FILE_ONLY___ ═
2025-08-22 13:36:32,189 INFO     ___FILE_ONLY___ ═
2025-08-22 13:36:32,189 INFO     ___FILE_ONLY___ ═
2025-08-22 13:36:32,189 INFO     ___FILE_ONLY___ ═
2025-08-22 13:36:32,190 INFO     ___FILE_ONLY___ ═
2025-08-22 13:36:32,190 INFO     ___FILE_ONLY___ ═
2025-08-22 13:36:32,190 INFO     ___FILE_ONLY___ ═
2025-08-22 13:36:32,190 INFO     ___FILE_ONLY___ ═
2025-08-22 13:36:32,190 INFO     ___FILE_ONLY___ ═
2025-08-22 13:36:32,190 INFO     ___FILE_ONLY___ ═
2025-08-22 13:36:32,190 INFO     ___FILE_ONLY___ ═
2025-08-22 13:36:32,190 INFO     ___FILE_ONLY___ ═
2025-08-22 13:36:32,191 INFO     ___FILE_ONLY___ ═
2025-08-22 13:36:32,191 INFO     ___FILE_ONLY___ ═
2025-08-22 13:36:32,191 INFO     ___FILE_ONLY___ ═
2025-08-22 13:36:32,191 INFO     ___FILE_ONLY___ ═
2025-08-22 13:36:32,191 INFO     ___FILE_ONLY___ ═
2025-08-22 13:36:32,191 INFO     ___FILE_ONLY___ ═
2025-08-22 13:36:32,191 INFO     ___FILE_ONLY___ ═
2025-08-22 13:36:32,191 INFO     ___FILE_ONLY___ ═
2025-08-22 13:36:32,192 INFO     ___FILE_ONLY___ ═
2025-08-22 13:36:32,192 INFO     ___FILE_ONLY___ ═
2025-08-22 13:36:32,192 INFO     ___FILE_ONLY___ ═
2025-08-22 13:36:32,192 INFO     ___FILE_ONLY___ ═
2025-08-22 13:36:32,192 INFO     ___FILE_ONLY___ ═
2025-08-22 13:36:32,192 INFO     ___FILE_ONLY___ ═
2025-08-22 13:36:32,192 INFO     ___FILE_ONLY___ ═
2025-08-22 13:36:32,192 INFO     ___FILE_ONLY___ ═
2025-08-22 13:36:32,192 INFO     ___FILE_ONLY___ ═
2025-08-22 13:36:32,193 INFO     ___FILE_ONLY___ ═
2025-08-22 13:36:32,193 INFO     ___FILE_ONLY___ ╝

2025-08-22 13:36:32,195 INFO     ___FILE_ONLY___ ╔════════════════════════════════════════════════════════════╗

2025-08-22 13:36:32,195 INFO     ___FILE_ONLY___ ╠═ Downloading: BigQuery Command Line Tool (Platform Spe... ═╣

2025-08-22 13:36:32,195 INFO     ___FILE_ONLY___ ╚
2025-08-22 13:36:32,198 DEBUG    urllib3.connectionpool Starting new HTTPS connection (1): dl.google.com:443
2025-08-22 13:36:33,183 DEBUG    urllib3.connectionpool https://dl.google.com:443 "GET /dl/cloudsdk/channels/rapid/components/google-cloud-sdk-bq-nix-20250523104322.tar.gz HTTP/11" 200 1935
2025-08-22 13:36:33,184 INFO     ___FILE_ONLY___ ════════════════════════════════════════════════════════════
2025-08-22 13:36:33,184 INFO     ___FILE_ONLY___ ╝

2025-08-22 13:36:33,186 INFO     ___FILE_ONLY___ ╔════════════════════════════════════════════════════════════╗

2025-08-22 13:36:33,186 INFO     ___FILE_ONLY___ ╠═ Downloading: Bundled Python 3.12                         ═╣

2025-08-22 13:36:33,186 INFO     ___FILE_ONLY___ ╚
2025-08-22 13:36:33,186 INFO     ___FILE_ONLY___ ════════════════════════════════════════════════════════════
2025-08-22 13:36:33,186 INFO     ___FILE_ONLY___ ╝

2025-08-22 13:36:33,188 INFO     ___FILE_ONLY___ ╔════════════════════════════════════════════════════════════╗

2025-08-22 13:36:33,188 INFO     ___FILE_ONLY___ ╠═ Downloading: Bundled Python 3.12 (Platform Specific)     ═╣

2025-08-22 13:36:33,188 INFO     ___FILE_ONLY___ ╚
2025-08-22 13:36:33,191 DEBUG    urllib3.connectionpool Starting new HTTPS connection (1): dl.google.com:443
2025-08-22 13:36:34,096 DEBUG    urllib3.connectionpool https://dl.google.com:443 "GET /dl/cloudsdk/channels/rapid/components/google-cloud-sdk-bundled-python3-unix-linux-x86_64-20250502143716.tar.gz HTTP/11" 200 93610468
2025-08-22 13:36:34,415 INFO     ___FILE_ONLY___ ═
2025-08-22 13:36:34,417 INFO     ___FILE_ONLY___ ═
2025-08-22 13:36:34,419 INFO     ___FILE_ONLY___ ═
2025-08-22 13:36:34,421 INFO     ___FILE_ONLY___ ═
2025-08-22 13:36:34,423 INFO     ___FILE_ONLY___ ═
2025-08-22 13:36:34,424 INFO     ___FILE_ONLY___ ═
2025-08-22 13:36:34,426 INFO     ___FILE_ONLY___ ═
2025-08-22 13:36:34,427 INFO     ___FILE_ONLY___ ═
2025-08-22 13:36:34,429 INFO     ___FILE_ONLY___ ═
2025-08-22 13:36:34,431 INFO     ___FILE_ONLY___ ═
2025-08-22 13:36:34,432 INFO     ___FILE_ONLY___ ═
2025-08-22 13:36:34,434 INFO     ___FILE_ONLY___ ═
2025-08-22 13:36:34,436 INFO     ___FILE_ONLY___ ═
2025-08-22 13:36:34,437 INFO     ___FILE_ONLY___ ═
2025-08-22 13:36:34,439 INFO     ___FILE_ONLY___ ═
2025-08-22 13:36:34,440 INFO     ___FILE_ONLY___ ═
2025-08-22 13:36:34,442 INFO     ___FILE_ONLY___ ═
2025-08-22 13:36:34,445 INFO     ___FILE_ONLY___ ═
2025-08-22 13:36:34,446 INFO     ___FILE_ONLY___ ═
2025-08-22 13:36:34,448 INFO     ___FILE_ONLY___ ═
2025-08-22 13:36:34,449 INFO     ___FILE_ONLY___ ═
2025-08-22 13:36:34,451 INFO     ___FILE_ONLY___ ═
2025-08-22 13:36:34,453 INFO     ___FILE_ONLY___ ═
2025-08-22 13:36:34,454 INFO     ___FILE_ONLY___ ═
2025-08-22 13:36:34,456 INFO     ___FILE_ONLY___ ═
2025-08-22 13:36:34,458 INFO     ___FILE_ONLY___ ═
2025-08-22 13:36:34,459 INFO     ___FILE_ONLY___ ═
2025-08-22 13:36:34,461 INFO     ___FILE_ONLY___ ═
2025-08-22 13:36:34,462 INFO     ___FILE_ONLY___ ═
2025-08-22 13:36:34,464 INFO     ___FILE_ONLY___ ═
2025-08-22 13:36:34,466 INFO     ___FILE_ONLY___ ═
2025-08-22 13:36:34,467 INFO     ___FILE_ONLY___ ═
2025-08-22 13:36:34,469 INFO     ___FILE_ONLY___ ═
2025-08-22 13:36:34,470 INFO     ___FILE_ONLY___ ═
2025-08-22 13:36:34,472 INFO     ___FILE_ONLY___ ═
2025-08-22 13:36:34,474 INFO     ___FILE_ONLY___ ═
2025-08-22 13:36:34,475 INFO     ___FILE_ONLY___ ═
2025-08-22 13:36:34,477 INFO     ___FILE_ONLY___ ═
2025-08-22 13:36:34,478 INFO     ___FILE_ONLY___ ═
2025-08-22 13:36:34,480 INFO     ___FILE_ONLY___ ═
2025-08-22 13:36:34,482 INFO     ___FILE_ONLY___ ═
2025-08-22 13:36:34,483 INFO     ___FILE_ONLY___ ═
2025-08-22 13:36:34,485 INFO     ___FILE_ONLY___ ═
2025-08-22 13:36:34,486 INFO     ___FILE_ONLY___ ═
2025-08-22 13:36:34,488 INFO     ___FILE_ONLY___ ═
2025-08-22 13:36:34,489 INFO     ___FILE_ONLY___ ═
2025-08-22 13:36:34,491 INFO     ___FILE_ONLY___ ═
2025-08-22 13:36:34,493 INFO     ___FILE_ONLY___ ═
2025-08-22 13:36:34,494 INFO     ___FILE_ONLY___ ═
2025-08-22 13:36:34,496 INFO     ___FILE_ONLY___ ═
2025-08-22 13:36:34,497 INFO     ___FILE_ONLY___ ═
2025-08-22 13:36:34,499 INFO     ___FILE_ONLY___ ═
2025-08-22 13:36:34,501 INFO     ___FILE_ONLY___ ═
2025-08-22 13:36:34,502 INFO     ___FILE_ONLY___ ═
2025-08-22 13:36:34,504 INFO     ___FILE_ONLY___ ═
2025-08-22 13:36:34,505 INFO     ___FILE_ONLY___ ═
2025-08-22 13:36:34,507 INFO     ___FILE_ONLY___ ═
2025-08-22 13:36:34,509 INFO     ___FILE_ONLY___ ═
2025-08-22 13:36:34,510 INFO     ___FILE_ONLY___ ═
2025-08-22 13:36:34,512 INFO     ___FILE_ONLY___ ═
2025-08-22 13:36:34,512 INFO     ___FILE_ONLY___ ╝

2025-08-22 13:36:34,514 INFO     ___FILE_ONLY___ ╔════════════════════════════════════════════════════════════╗

2025-08-22 13:36:34,514 INFO     ___FILE_ONLY___ ╠═ Downloading: Cloud Storage Command Line Tool             ═╣

2025-08-22 13:36:34,514 INFO     ___FILE_ONLY___ ╚
2025-08-22 13:36:34,517 DEBUG    urllib3.connectionpool Starting new HTTPS connection (1): dl.google.com:443
2025-08-22 13:36:35,455 DEBUG    urllib3.connectionpool https://dl.google.com:443 "GET /dl/cloudsdk/channels/rapid/components/google-cloud-sdk-gsutil-20250627154417.tar.gz HTTP/11" 200 12962791
2025-08-22 13:36:35,503 INFO     ___FILE_ONLY___ ═
2025-08-22 13:36:35,504 INFO     ___FILE_ONLY___ ═
2025-08-22 13:36:35,504 INFO     ___FILE_ONLY___ ═
2025-08-22 13:36:35,504 INFO     ___FILE_ONLY___ ═
2025-08-22 13:36:35,505 INFO     ___FILE_ONLY___ ═
2025-08-22 13:36:35,505 INFO     ___FILE_ONLY___ ═
2025-08-22 13:36:35,505 INFO     ___FILE_ONLY___ ═
2025-08-22 13:36:35,506 INFO     ___FILE_ONLY___ ═
2025-08-22 13:36:35,506 INFO     ___FILE_ONLY___ ═
2025-08-22 13:36:35,506 INFO     ___FILE_ONLY___ ═
2025-08-22 13:36:35,507 INFO     ___FILE_ONLY___ ═
2025-08-22 13:36:35,507 INFO     ___FILE_ONLY___ ═
2025-08-22 13:36:35,507 INFO     ___FILE_ONLY___ ═
2025-08-22 13:36:35,507 INFO     ___FILE_ONLY___ ═
2025-08-22 13:36:35,508 INFO     ___FILE_ONLY___ ═
2025-08-22 13:36:35,508 INFO     ___FILE_ONLY___ ═
2025-08-22 13:36:35,508 INFO     ___FILE_ONLY___ ═
2025-08-22 13:36:35,509 INFO     ___FILE_ONLY___ ═
2025-08-22 13:36:35,509 INFO     ___FILE_ONLY___ ═
2025-08-22 13:36:35,509 INFO     ___FILE_ONLY___ ═
2025-08-22 13:36:35,510 INFO     ___FILE_ONLY___ ═
2025-08-22 13:36:35,510 INFO     ___FILE_ONLY___ ═
2025-08-22 13:36:35,510 INFO     ___FILE_ONLY___ ═
2025-08-22 13:36:35,510 INFO     ___FILE_ONLY___ ═
2025-08-22 13:36:35,511 INFO     ___FILE_ONLY___ ═
2025-08-22 13:36:35,511 INFO     ___FILE_ONLY___ ═
2025-08-22 13:36:35,511 INFO     ___FILE_ONLY___ ═
2025-08-22 13:36:35,512 INFO     ___FILE_ONLY___ ═
2025-08-22 13:36:35,512 INFO     ___FILE_ONLY___ ═
2025-08-22 13:36:35,512 INFO     ___FILE_ONLY___ ═
2025-08-22 13:36:35,513 INFO     ___FILE_ONLY___ ═
2025-08-22 13:36:35,513 INFO     ___FILE_ONLY___ ═
2025-08-22 13:36:35,513 INFO     ___FILE_ONLY___ ═
2025-08-22 13:36:35,514 INFO     ___FILE_ONLY___ ═
2025-08-22 13:36:35,514 INFO     ___FILE_ONLY___ ═
2025-08-22 13:36:35,514 INFO     ___FILE_ONLY___ ═
2025-08-22 13:36:35,515 INFO     ___FILE_ONLY___ ═
2025-08-22 13:36:35,515 INFO     ___FILE_ONLY___ ═
2025-08-22 13:36:35,515 INFO     ___FILE_ONLY___ ═
2025-08-22 13:36:35,515 INFO     ___FILE_ONLY___ ═
2025-08-22 13:36:35,516 INFO     ___FILE_ONLY___ ═
2025-08-22 13:36:35,516 INFO     ___FILE_ONLY___ ═
2025-08-22 13:36:35,516 INFO     ___FILE_ONLY___ ═
2025-08-22 13:36:35,517 INFO     ___FILE_ONLY___ ═
2025-08-22 13:36:35,517 INFO     ___FILE_ONLY___ ═
2025-08-22 13:36:35,517 INFO     ___FILE_ONLY___ ═
2025-08-22 13:36:35,518 INFO     ___FILE_ONLY___ ═
2025-08-22 13:36:35,518 INFO     ___FILE_ONLY___ ═
2025-08-22 13:36:35,518 INFO     ___FILE_ONLY___ ═
2025-08-22 13:36:35,519 INFO     ___FILE_ONLY___ ═
2025-08-22 13:36:35,519 INFO     ___FILE_ONLY___ ═
2025-08-22 13:36:35,519 INFO     ___FILE_ONLY___ ═
2025-08-22 13:36:35,520 INFO     ___FILE_ONLY___ ═
2025-08-22 13:36:35,520 INFO     ___FILE_ONLY___ ═
2025-08-22 13:36:35,520 INFO     ___FILE_ONLY___ ═
2025-08-22 13:36:35,521 INFO     ___FILE_ONLY___ ═
2025-08-22 13:36:35,521 INFO     ___FILE_ONLY___ ═
2025-08-22 13:36:35,521 INFO     ___FILE_ONLY___ ═
2025-08-22 13:36:35,522 INFO     ___FILE_ONLY___ ═
2025-08-22 13:36:35,522 INFO     ___FILE_ONLY___ ═
2025-08-22 13:36:35,522 INFO     ___FILE_ONLY___ ╝

2025-08-22 13:36:35,524 INFO     ___FILE_ONLY___ ╔════════════════════════════════════════════════════════════╗

2025-08-22 13:36:35,524 INFO     ___FILE_ONLY___ ╠═ Downloading: Cloud Storage Command Line Tool (Platfor... ═╣

2025-08-22 13:36:35,524 INFO     ___FILE_ONLY___ ╚
2025-08-22 13:36:35,527 DEBUG    urllib3.connectionpool Starting new HTTPS connection (1): dl.google.com:443
2025-08-22 13:36:36,460 DEBUG    urllib3.connectionpool https://dl.google.com:443 "GET /dl/cloudsdk/channels/rapid/components/google-cloud-sdk-gsutil-nix-20250523104322.tar.gz HTTP/11" 200 1950
2025-08-22 13:36:36,461 INFO     ___FILE_ONLY___ ════════════════════════════════════════════════════════════
2025-08-22 13:36:36,461 INFO     ___FILE_ONLY___ ╝

2025-08-22 13:36:36,463 INFO     ___FILE_ONLY___ ╔════════════════════════════════════════════════════════════╗

2025-08-22 13:36:36,463 INFO     ___FILE_ONLY___ ╠═ Downloading: Default set of gcloud commands              ═╣

2025-08-22 13:36:36,463 INFO     ___FILE_ONLY___ ╚
2025-08-22 13:36:36,464 INFO     ___FILE_ONLY___ ════════════════════════════════════════════════════════════
2025-08-22 13:36:36,464 INFO     ___FILE_ONLY___ ╝

2025-08-22 13:36:36,465 INFO     ___FILE_ONLY___ ╔════════════════════════════════════════════════════════════╗

2025-08-22 13:36:36,465 INFO     ___FILE_ONLY___ ╠═ Downloading: Google Cloud CLI Core Libraries (Platfor... ═╣

2025-08-22 13:36:36,465 INFO     ___FILE_ONLY___ ╚
2025-08-22 13:36:36,468 DEBUG    urllib3.connectionpool Starting new HTTPS connection (1): dl.google.com:443
2025-08-22 13:36:36,635 DEBUG    urllib3.connectionpool https://dl.google.com:443 "GET /dl/cloudsdk/channels/rapid/components/google-cloud-sdk-core-nix-20250523104322.tar.gz HTTP/11" 200 2325
2025-08-22 13:36:36,635 INFO     ___FILE_ONLY___ ════════════════════════════════════════════════════════════
2025-08-22 13:36:36,635 INFO     ___FILE_ONLY___ ╝

2025-08-22 13:36:36,637 INFO     ___FILE_ONLY___ ╔════════════════════════════════════════════════════════════╗

2025-08-22 13:36:36,638 INFO     ___FILE_ONLY___ ╠═ Downloading: Google Cloud CRC32C Hash Tool               ═╣

2025-08-22 13:36:36,638 INFO     ___FILE_ONLY___ ╚
2025-08-22 13:36:36,638 INFO     ___FILE_ONLY___ ════════════════════════════════════════════════════════════
2025-08-22 13:36:36,638 INFO     ___FILE_ONLY___ ╝

2025-08-22 13:36:36,640 INFO     ___FILE_ONLY___ ╔════════════════════════════════════════════════════════════╗

2025-08-22 13:36:36,640 INFO     ___FILE_ONLY___ ╠═ Downloading: Google Cloud CRC32C Hash Tool (Platform ... ═╣

2025-08-22 13:36:36,640 INFO     ___FILE_ONLY___ ╚
2025-08-22 13:36:36,643 DEBUG    urllib3.connectionpool Starting new HTTPS connection (1): dl.google.com:443
2025-08-22 13:36:37,660 DEBUG    urllib3.connectionpool https://dl.google.com:443 "GET /dl/cloudsdk/channels/rapid/components/google-cloud-sdk-gcloud-crc32c-linux-x86_64-20250613150750.tar.gz HTTP/11" 200 1525557
2025-08-22 13:36:37,673 INFO     ___FILE_ONLY___ ═
2025-08-22 13:36:37,674 INFO     ___FILE_ONLY___ ═
2025-08-22 13:36:37,674 INFO     ___FILE_ONLY___ ═
2025-08-22 13:36:37,674 INFO     ___FILE_ONLY___ ═
2025-08-22 13:36:37,674 INFO     ___FILE_ONLY___ ═
2025-08-22 13:36:37,674 INFO     ___FILE_ONLY___ ═
2025-08-22 13:36:37,674 INFO     ___FILE_ONLY___ ═
2025-08-22 13:36:37,674 INFO     ___FILE_ONLY___ ═
2025-08-22 13:36:37,675 INFO     ___FILE_ONLY___ ═
2025-08-22 13:36:37,675 INFO     ___FILE_ONLY___ ═
2025-08-22 13:36:37,675 INFO     ___FILE_ONLY___ ═
2025-08-22 13:36:37,675 INFO     ___FILE_ONLY___ ═
2025-08-22 13:36:37,675 INFO     ___FILE_ONLY___ ═
2025-08-22 13:36:37,675 INFO     ___FILE_ONLY___ ═
2025-08-22 13:36:37,675 INFO     ___FILE_ONLY___ ═
2025-08-22 13:36:37,675 INFO     ___FILE_ONLY___ ═
2025-08-22 13:36:37,675 INFO     ___FILE_ONLY___ ═
2025-08-22 13:36:37,676 INFO     ___FILE_ONLY___ ═
2025-08-22 13:36:37,676 INFO     ___FILE_ONLY___ ═
2025-08-22 13:36:37,676 INFO     ___FILE_ONLY___ ═
2025-08-22 13:36:37,676 INFO     ___FILE_ONLY___ ═
2025-08-22 13:36:37,676 INFO     ___FILE_ONLY___ ═
2025-08-22 13:36:37,676 INFO     ___FILE_ONLY___ ═
2025-08-22 13:36:37,676 INFO     ___FILE_ONLY___ ═
2025-08-22 13:36:37,676 INFO     ___FILE_ONLY___ ═
2025-08-22 13:36:37,676 INFO     ___FILE_ONLY___ ═
2025-08-22 13:36:37,677 INFO     ___FILE_ONLY___ ═
2025-08-22 13:36:37,677 INFO     ___FILE_ONLY___ ═
2025-08-22 13:36:37,677 INFO     ___FILE_ONLY___ ═
2025-08-22 13:36:37,677 INFO     ___FILE_ONLY___ ═
2025-08-22 13:36:37,677 INFO     ___FILE_ONLY___ ═
2025-08-22 13:36:37,677 INFO     ___FILE_ONLY___ ═
2025-08-22 13:36:37,677 INFO     ___FILE_ONLY___ ═
2025-08-22 13:36:37,677 INFO     ___FILE_ONLY___ ═
2025-08-22 13:36:37,677 INFO     ___FILE_ONLY___ ═
2025-08-22 13:36:37,678 INFO     ___FILE_ONLY___ ═
2025-08-22 13:36:37,678 INFO     ___FILE_ONLY___ ═
2025-08-22 13:36:37,678 INFO     ___FILE_ONLY___ ═
2025-08-22 13:36:37,678 INFO     ___FILE_ONLY___ ═
2025-08-22 13:36:37,678 INFO     ___FILE_ONLY___ ═
2025-08-22 13:36:37,678 INFO     ___FILE_ONLY___ ═
2025-08-22 13:36:37,678 INFO     ___FILE_ONLY___ ═
2025-08-22 13:36:37,678 INFO     ___FILE_ONLY___ ═
2025-08-22 13:36:37,678 INFO     ___FILE_ONLY___ ═
2025-08-22 13:36:37,679 INFO     ___FILE_ONLY___ ═
2025-08-22 13:36:37,679 INFO     ___FILE_ONLY___ ═
2025-08-22 13:36:37,679 INFO     ___FILE_ONLY___ ═
2025-08-22 13:36:37,679 INFO     ___FILE_ONLY___ ═
2025-08-22 13:36:37,679 INFO     ___FILE_ONLY___ ═
2025-08-22 13:36:37,679 INFO     ___FILE_ONLY___ ═
2025-08-22 13:36:37,679 INFO     ___FILE_ONLY___ ═
2025-08-22 13:36:37,679 INFO     ___FILE_ONLY___ ═
2025-08-22 13:36:37,680 INFO     ___FILE_ONLY___ ═
2025-08-22 13:36:37,680 INFO     ___FILE_ONLY___ ═
2025-08-22 13:36:37,680 INFO     ___FILE_ONLY___ ═
2025-08-22 13:36:37,680 INFO     ___FILE_ONLY___ ═
2025-08-22 13:36:37,680 INFO     ___FILE_ONLY___ ═
2025-08-22 13:36:37,680 INFO     ___FILE_ONLY___ ═
2025-08-22 13:36:37,680 INFO     ___FILE_ONLY___ ═
2025-08-22 13:36:37,680 INFO     ___FILE_ONLY___ ═
2025-08-22 13:36:37,680 INFO     ___FILE_ONLY___ ╝

2025-08-22 13:36:37,682 INFO     ___FILE_ONLY___ ╔════════════════════════════════════════════════════════════╗

2025-08-22 13:36:37,682 INFO     ___FILE_ONLY___ ╠═ Downloading: gcloud cli dependencies (Platform Specific) ═╣

2025-08-22 13:36:37,682 INFO     ___FILE_ONLY___ ╚
2025-08-22 13:36:37,687 DEBUG    urllib3.connectionpool Starting new HTTPS connection (1): dl.google.com:443
2025-08-22 13:36:37,843 DEBUG    urllib3.connectionpool https://dl.google.com:443 "GET /dl/cloudsdk/channels/rapid/components/google-cloud-sdk-gcloud-deps-linux-x86_64-20210416153011.tar.gz HTTP/11" 200 104
2025-08-22 13:36:37,843 INFO     ___FILE_ONLY___ ════════════════════════════════════════════════════════════
2025-08-22 13:36:37,843 INFO     ___FILE_ONLY___ ╝

2025-08-22 13:36:37,845 INFO     ___FILE_ONLY___ ╔════════════════════════════════════════════════════════════╗

2025-08-22 13:36:37,845 INFO     ___FILE_ONLY___ ╠═ Installing: BigQuery Command Line Tool                   ═╣

2025-08-22 13:36:37,845 INFO     ___FILE_ONLY___ ╚
2025-08-22 13:36:37,959 INFO     ___FILE_ONLY___ ═
2025-08-22 13:36:37,962 INFO     ___FILE_ONLY___ ═
2025-08-22 13:36:37,965 INFO     ___FILE_ONLY___ ═
2025-08-22 13:36:37,967 INFO     ___FILE_ONLY___ ═
2025-08-22 13:36:37,970 INFO     ___FILE_ONLY___ ═
2025-08-22 13:36:37,972 INFO     ___FILE_ONLY___ ═
2025-08-22 13:36:37,974 INFO     ___FILE_ONLY___ ═
2025-08-22 13:36:37,976 INFO     ___FILE_ONLY___ ═
2025-08-22 13:36:37,978 INFO     ___FILE_ONLY___ ═
2025-08-22 13:36:37,980 INFO     ___FILE_ONLY___ ═
2025-08-22 13:36:37,982 INFO     ___FILE_ONLY___ ═
2025-08-22 13:36:37,984 INFO     ___FILE_ONLY___ ═
2025-08-22 13:36:37,986 INFO     ___FILE_ONLY___ ═
2025-08-22 13:36:37,988 INFO     ___FILE_ONLY___ ═
2025-08-22 13:36:37,990 INFO     ___FILE_ONLY___ ═
2025-08-22 13:36:37,993 INFO     ___FILE_ONLY___ ═
2025-08-22 13:36:37,995 INFO     ___FILE_ONLY___ ═
2025-08-22 13:36:37,996 INFO     ___FILE_ONLY___ ═
2025-08-22 13:36:37,998 INFO     ___FILE_ONLY___ ═
2025-08-22 13:36:38,002 INFO     ___FILE_ONLY___ ═
2025-08-22 13:36:38,004 INFO     ___FILE_ONLY___ ═
2025-08-22 13:36:38,006 INFO     ___FILE_ONLY___ ═
2025-08-22 13:36:38,008 INFO     ___FILE_ONLY___ ═
2025-08-22 13:36:38,010 INFO     ___FILE_ONLY___ ═
2025-08-22 13:36:38,011 INFO     ___FILE_ONLY___ ═
2025-08-22 13:36:38,013 INFO     ___FILE_ONLY___ ═
2025-08-22 13:36:38,016 INFO     ___FILE_ONLY___ ═
2025-08-22 13:36:38,017 INFO     ___FILE_ONLY___ ═
2025-08-22 13:36:38,020 INFO     ___FILE_ONLY___ ═
2025-08-22 13:36:38,023 INFO     ___FILE_ONLY___ ═
2025-08-22 13:36:38,025 INFO     ___FILE_ONLY___ ═
2025-08-22 13:36:38,027 INFO     ___FILE_ONLY___ ═
2025-08-22 13:36:38,029 INFO     ___FILE_ONLY___ ═
2025-08-22 13:36:38,032 INFO     ___FILE_ONLY___ ═
2025-08-22 13:36:38,034 INFO     ___FILE_ONLY___ ═
2025-08-22 13:36:38,041 INFO     ___FILE_ONLY___ ═
2025-08-22 13:36:38,046 INFO     ___FILE_ONLY___ ═
2025-08-22 13:36:38,050 INFO     ___FILE_ONLY___ ═
2025-08-22 13:36:38,052 INFO     ___FILE_ONLY___ ═
2025-08-22 13:36:38,054 INFO     ___FILE_ONLY___ ═
2025-08-22 13:36:38,056 INFO     ___FILE_ONLY___ ═
2025-08-22 13:36:38,058 INFO     ___FILE_ONLY___ ═
2025-08-22 13:36:38,061 INFO     ___FILE_ONLY___ ═
2025-08-22 13:36:38,065 INFO     ___FILE_ONLY___ ═
2025-08-22 13:36:38,066 INFO     ___FILE_ONLY___ ═
2025-08-22 13:36:38,069 INFO     ___FILE_ONLY___ ═
2025-08-22 13:36:38,070 INFO     ___FILE_ONLY___ ═
2025-08-22 13:36:38,073 INFO     ___FILE_ONLY___ ═
2025-08-22 13:36:38,074 INFO     ___FILE_ONLY___ ═
2025-08-22 13:36:38,076 INFO     ___FILE_ONLY___ ═
2025-08-22 13:36:38,078 INFO     ___FILE_ONLY___ ═
2025-08-22 13:36:38,081 INFO     ___FILE_ONLY___ ═
2025-08-22 13:36:38,082 INFO     ___FILE_ONLY___ ═
2025-08-22 13:36:38,085 INFO     ___FILE_ONLY___ ═
2025-08-22 13:36:38,086 INFO     ___FILE_ONLY___ ═
2025-08-22 13:36:38,088 INFO     ___FILE_ONLY___ ═
2025-08-22 13:36:38,091 INFO     ___FILE_ONLY___ ═
2025-08-22 13:36:38,092 INFO     ___FILE_ONLY___ ═
2025-08-22 13:36:38,094 INFO     ___FILE_ONLY___ ═
2025-08-22 13:36:38,096 INFO     ___FILE_ONLY___ ═
2025-08-22 13:36:38,096 INFO     ___FILE_ONLY___ ╝

2025-08-22 13:36:38,105 INFO     ___FILE_ONLY___ ╔════════════════════════════════════════════════════════════╗

2025-08-22 13:36:38,105 INFO     ___FILE_ONLY___ ╠═ Installing: BigQuery Command Line Tool (Platform Spec... ═╣

2025-08-22 13:36:38,105 INFO     ___FILE_ONLY___ ╚
2025-08-22 13:36:38,106 INFO     ___FILE_ONLY___ ════════════════════════════════════════════════════════════
2025-08-22 13:36:38,106 INFO     ___FILE_ONLY___ ╝

2025-08-22 13:36:38,110 INFO     ___FILE_ONLY___ ╔════════════════════════════════════════════════════════════╗

2025-08-22 13:36:38,110 INFO     ___FILE_ONLY___ ╠═ Installing: Bundled Python 3.12                          ═╣

2025-08-22 13:36:38,110 INFO     ___FILE_ONLY___ ╚
2025-08-22 13:36:38,112 INFO     ___FILE_ONLY___ ════════════════════════════════════════════════════════════
2025-08-22 13:36:38,112 INFO     ___FILE_ONLY___ ╝

2025-08-22 13:36:38,114 INFO     ___FILE_ONLY___ ╔════════════════════════════════════════════════════════════╗

2025-08-22 13:36:38,114 INFO     ___FILE_ONLY___ ╠═ Installing: Bundled Python 3.12 (Platform Specific)      ═╣

2025-08-22 13:36:38,114 INFO     ___FILE_ONLY___ ╚
2025-08-22 13:36:40,237 INFO     ___FILE_ONLY___ ═
2025-08-22 13:36:40,248 INFO     ___FILE_ONLY___ ═
2025-08-22 13:36:40,259 INFO     ___FILE_ONLY___ ═
2025-08-22 13:36:40,271 INFO     ___FILE_ONLY___ ═
2025-08-22 13:36:40,283 INFO     ___FILE_ONLY___ ═
2025-08-22 13:36:40,294 INFO     ___FILE_ONLY___ ═
2025-08-22 13:36:40,306 INFO     ___FILE_ONLY___ ═
2025-08-22 13:36:40,317 INFO     ___FILE_ONLY___ ═
2025-08-22 13:36:40,329 INFO     ___FILE_ONLY___ ═
2025-08-22 13:36:40,340 INFO     ___FILE_ONLY___ ═
2025-08-22 13:36:40,352 INFO     ___FILE_ONLY___ ═
2025-08-22 13:36:40,363 INFO     ___FILE_ONLY___ ═
2025-08-22 13:36:40,374 INFO     ___FILE_ONLY___ ═
2025-08-22 13:36:40,386 INFO     ___FILE_ONLY___ ═
2025-08-22 13:36:40,398 INFO     ___FILE_ONLY___ ═
2025-08-22 13:36:40,410 INFO     ___FILE_ONLY___ ═
2025-08-22 13:36:40,421 INFO     ___FILE_ONLY___ ═
2025-08-22 13:36:40,433 INFO     ___FILE_ONLY___ ═
2025-08-22 13:36:40,445 INFO     ___FILE_ONLY___ ═
2025-08-22 13:36:40,456 INFO     ___FILE_ONLY___ ═
2025-08-22 13:36:40,468 INFO     ___FILE_ONLY___ ═
2025-08-22 13:36:40,480 INFO     ___FILE_ONLY___ ═
2025-08-22 13:36:40,491 INFO     ___FILE_ONLY___ ═
2025-08-22 13:36:40,503 INFO     ___FILE_ONLY___ ═
2025-08-22 13:36:40,514 INFO     ___FILE_ONLY___ ═
2025-08-22 13:36:40,526 INFO     ___FILE_ONLY___ ═
2025-08-22 13:36:40,538 INFO     ___FILE_ONLY___ ═
2025-08-22 13:36:40,550 INFO     ___FILE_ONLY___ ═
2025-08-22 13:36:40,561 INFO     ___FILE_ONLY___ ═
2025-08-22 13:36:40,573 INFO     ___FILE_ONLY___ ═
2025-08-22 13:36:40,585 INFO     ___FILE_ONLY___ ═
2025-08-22 13:36:40,597 INFO     ___FILE_ONLY___ ═
2025-08-22 13:36:40,608 INFO     ___FILE_ONLY___ ═
2025-08-22 13:36:40,621 INFO     ___FILE_ONLY___ ═
2025-08-22 13:36:40,636 INFO     ___FILE_ONLY___ ═
2025-08-22 13:36:40,650 INFO     ___FILE_ONLY___ ═
2025-08-22 13:36:41,506 INFO     ___FILE_ONLY___ ═
2025-08-22 13:36:41,531 INFO     ___FILE_ONLY___ ═
2025-08-22 13:36:42,035 INFO     ___FILE_ONLY___ ═
2025-08-22 13:36:42,052 INFO     ___FILE_ONLY___ ═
2025-08-22 13:36:42,072 INFO     ___FILE_ONLY___ ═
2025-08-22 13:36:42,095 INFO     ___FILE_ONLY___ ═
2025-08-22 13:36:42,113 INFO     ___FILE_ONLY___ ═
2025-08-22 13:36:42,139 INFO     ___FILE_ONLY___ ═
2025-08-22 13:36:42,157 INFO     ___FILE_ONLY___ ═
2025-08-22 13:36:42,175 INFO     ___FILE_ONLY___ ═
2025-08-22 13:36:42,191 INFO     ___FILE_ONLY___ ═
2025-08-22 13:36:42,207 INFO     ___FILE_ONLY___ ═
2025-08-22 13:36:42,291 INFO     ___FILE_ONLY___ ═
2025-08-22 13:36:42,308 INFO     ___FILE_ONLY___ ═
2025-08-22 13:36:42,441 INFO     ___FILE_ONLY___ ═
2025-08-22 13:36:42,457 INFO     ___FILE_ONLY___ ═
2025-08-22 13:36:42,472 INFO     ___FILE_ONLY___ ═
2025-08-22 13:36:42,489 INFO     ___FILE_ONLY___ ═
2025-08-22 13:36:42,506 INFO     ___FILE_ONLY___ ═
2025-08-22 13:36:42,525 INFO     ___FILE_ONLY___ ═
2025-08-22 13:36:42,543 INFO     ___FILE_ONLY___ ═
2025-08-22 13:36:42,561 INFO     ___FILE_ONLY___ ═
2025-08-22 13:36:42,590 INFO     ___FILE_ONLY___ ═
2025-08-22 13:36:43,049 INFO     ___FILE_ONLY___ ═
2025-08-22 13:36:43,049 INFO     ___FILE_ONLY___ ╝

2025-08-22 13:36:43,097 INFO     ___FILE_ONLY___ ╔════════════════════════════════════════════════════════════╗

2025-08-22 13:36:43,097 INFO     ___FILE_ONLY___ ╠═ Installing: Cloud Storage Command Line Tool              ═╣

2025-08-22 13:36:43,097 INFO     ___FILE_ONLY___ ╚
2025-08-22 13:36:43,626 INFO     ___FILE_ONLY___ ═
2025-08-22 13:36:43,637 INFO     ___FILE_ONLY___ ═
2025-08-22 13:36:43,647 INFO     ___FILE_ONLY___ ═
2025-08-22 13:36:43,656 INFO     ___FILE_ONLY___ ═
2025-08-22 13:36:43,665 INFO     ___FILE_ONLY___ ═
2025-08-22 13:36:43,698 INFO     ___FILE_ONLY___ ═
2025-08-22 13:36:43,710 INFO     ___FILE_ONLY___ ═
2025-08-22 13:36:43,725 INFO     ___FILE_ONLY___ ═
2025-08-22 13:36:43,739 INFO     ___FILE_ONLY___ ═
2025-08-22 13:36:43,753 INFO     ___FILE_ONLY___ ═
2025-08-22 13:36:43,769 INFO     ___FILE_ONLY___ ═
2025-08-22 13:36:43,780 INFO     ___FILE_ONLY___ ═
2025-08-22 13:36:43,791 INFO     ___FILE_ONLY___ ═
2025-08-22 13:36:43,799 INFO     ___FILE_ONLY___ ═
2025-08-22 13:36:43,808 INFO     ___FILE_ONLY___ ═
2025-08-22 13:36:43,824 INFO     ___FILE_ONLY___ ═
2025-08-22 13:36:43,837 INFO     ___FILE_ONLY___ ═
2025-08-22 13:36:43,846 INFO     ___FILE_ONLY___ ═
2025-08-22 13:36:43,857 INFO     ___FILE_ONLY___ ═
2025-08-22 13:36:43,867 INFO     ___FILE_ONLY___ ═
2025-08-22 13:36:43,877 INFO     ___FILE_ONLY___ ═
2025-08-22 13:36:43,889 INFO     ___FILE_ONLY___ ═
2025-08-22 13:36:43,898 INFO     ___FILE_ONLY___ ═
2025-08-22 13:36:43,909 INFO     ___FILE_ONLY___ ═
2025-08-22 13:36:43,918 INFO     ___FILE_ONLY___ ═
2025-08-22 13:36:43,928 INFO     ___FILE_ONLY___ ═
2025-08-22 13:36:43,938 INFO     ___FILE_ONLY___ ═
2025-08-22 13:36:43,951 INFO     ___FILE_ONLY___ ═
2025-08-22 13:36:43,967 INFO     ___FILE_ONLY___ ═
2025-08-22 13:36:43,978 INFO     ___FILE_ONLY___ ═
2025-08-22 13:36:43,989 INFO     ___FILE_ONLY___ ═
2025-08-22 13:36:44,009 INFO     ___FILE_ONLY___ ═
2025-08-22 13:36:44,023 INFO     ___FILE_ONLY___ ═
2025-08-22 13:36:44,041 INFO     ___FILE_ONLY___ ═
2025-08-22 13:36:44,055 INFO     ___FILE_ONLY___ ═
2025-08-22 13:36:44,070 INFO     ___FILE_ONLY___ ═
2025-08-22 13:36:44,079 INFO     ___FILE_ONLY___ ═
2025-08-22 13:36:44,089 INFO     ___FILE_ONLY___ ═
2025-08-22 13:36:44,123 INFO     ___FILE_ONLY___ ═
2025-08-22 13:36:44,137 INFO     ___FILE_ONLY___ ═
2025-08-22 13:36:44,148 INFO     ___FILE_ONLY___ ═
2025-08-22 13:36:44,158 INFO     ___FILE_ONLY___ ═
2025-08-22 13:36:44,168 INFO     ___FILE_ONLY___ ═
2025-08-22 13:36:44,178 INFO     ___FILE_ONLY___ ═
2025-08-22 13:36:44,188 INFO     ___FILE_ONLY___ ═
2025-08-22 13:36:44,197 INFO     ___FILE_ONLY___ ═
2025-08-22 13:36:44,207 INFO     ___FILE_ONLY___ ═
2025-08-22 13:36:44,216 INFO     ___FILE_ONLY___ ═
2025-08-22 13:36:44,225 INFO     ___FILE_ONLY___ ═
2025-08-22 13:36:44,237 INFO     ___FILE_ONLY___ ═
2025-08-22 13:36:44,251 INFO     ___FILE_ONLY___ ═
2025-08-22 13:36:44,263 INFO     ___FILE_ONLY___ ═
2025-08-22 13:36:44,276 INFO     ___FILE_ONLY___ ═
2025-08-22 13:36:44,289 INFO     ___FILE_ONLY___ ═
2025-08-22 13:36:44,300 INFO     ___FILE_ONLY___ ═
2025-08-22 13:36:44,315 INFO     ___FILE_ONLY___ ═
2025-08-22 13:36:44,330 INFO     ___FILE_ONLY___ ═
2025-08-22 13:36:44,349 INFO     ___FILE_ONLY___ ═
2025-08-22 13:36:44,365 INFO     ___FILE_ONLY___ ═
2025-08-22 13:36:44,383 INFO     ___FILE_ONLY___ ═
2025-08-22 13:36:44,383 INFO     ___FILE_ONLY___ ╝

2025-08-22 13:36:44,413 INFO     ___FILE_ONLY___ ╔════════════════════════════════════════════════════════════╗

2025-08-22 13:36:44,413 INFO     ___FILE_ONLY___ ╠═ Installing: Cloud Storage Command Line Tool (Platform... ═╣

2025-08-22 13:36:44,413 INFO     ___FILE_ONLY___ ╚
2025-08-22 13:36:44,414 INFO     ___FILE_ONLY___ ════════════════════════════════════════════════════════════
2025-08-22 13:36:44,414 INFO     ___FILE_ONLY___ ╝

2025-08-22 13:36:44,418 INFO     ___FILE_ONLY___ ╔════════════════════════════════════════════════════════════╗

2025-08-22 13:36:44,418 INFO     ___FILE_ONLY___ ╠═ Installing: Default set of gcloud commands               ═╣

2025-08-22 13:36:44,418 INFO     ___FILE_ONLY___ ╚
2025-08-22 13:36:44,420 INFO     ___FILE_ONLY___ ════════════════════════════════════════════════════════════
2025-08-22 13:36:44,420 INFO     ___FILE_ONLY___ ╝

2025-08-22 13:36:44,422 INFO     ___FILE_ONLY___ ╔════════════════════════════════════════════════════════════╗

2025-08-22 13:36:44,422 INFO     ___FILE_ONLY___ ╠═ Installing: Google Cloud CLI Core Libraries (Platform... ═╣

2025-08-22 13:36:44,422 INFO     ___FILE_ONLY___ ╚
2025-08-22 13:36:44,423 INFO     ___FILE_ONLY___ ══════════════════════════════
2025-08-22 13:36:44,423 INFO     ___FILE_ONLY___ ══════════════════════════════
2025-08-22 13:36:44,423 INFO     ___FILE_ONLY___ ╝

2025-08-22 13:36:44,427 INFO     ___FILE_ONLY___ ╔════════════════════════════════════════════════════════════╗

2025-08-22 13:36:44,427 INFO     ___FILE_ONLY___ ╠═ Installing: Google Cloud CRC32C Hash Tool                ═╣

2025-08-22 13:36:44,427 INFO     ___FILE_ONLY___ ╚
2025-08-22 13:36:44,429 INFO     ___FILE_ONLY___ ════════════════════════════════════════════════════════════
2025-08-22 13:36:44,429 INFO     ___FILE_ONLY___ ╝

2025-08-22 13:36:44,431 INFO     ___FILE_ONLY___ ╔════════════════════════════════════════════════════════════╗

2025-08-22 13:36:44,431 INFO     ___FILE_ONLY___ ╠═ Installing: Google Cloud CRC32C Hash Tool (Platform S... ═╣

2025-08-22 13:36:44,431 INFO     ___FILE_ONLY___ ╚
2025-08-22 13:36:44,467 INFO     ___FILE_ONLY___ ══════════════════════════════
2025-08-22 13:36:44,468 INFO     ___FILE_ONLY___ ══════════════════════════════
2025-08-22 13:36:44,468 INFO     ___FILE_ONLY___ ╝

2025-08-22 13:36:44,472 INFO     ___FILE_ONLY___ ╔════════════════════════════════════════════════════════════╗

2025-08-22 13:36:44,473 INFO     ___FILE_ONLY___ ╠═ Installing: gcloud cli dependencies (Platform Specific)  ═╣

2025-08-22 13:36:44,473 INFO     ___FILE_ONLY___ ╚
2025-08-22 13:36:44,473 INFO     ___FILE_ONLY___ ════════════════════════════════════════════════════════════
2025-08-22 13:36:44,473 INFO     ___FILE_ONLY___ ╝

2025-08-22 13:36:44,478 DEBUG    root            Updating notification cache...
2025-08-22 13:36:44,478 INFO     ___FILE_ONLY___ 

2025-08-22 13:36:44,480 INFO     ___FILE_ONLY___ Performing post processing steps...
2025-08-22 13:36:44,480 DEBUG    root            Executing command: ['/tools/google-cloud-sdk/bin/gcloud', 'components', 'post-process']
2025-08-22 13:36:53,096 DEBUG    ___FILE_ONLY___ 
2025-08-22 13:36:53,096 DEBUG    ___FILE_ONLY___ 
2025-08-22 13:36:53,272 INFO     root            descriptor_list: [{'universeDomain': 'googleapis.com', 'universeShortName': '', 'authenticationDomain': 'auth.cloud.google.com', 'projectPrefix': '', 'cloudWebDomain': 'cloud.google.com', 'documentationDomain': 'cloud.google.com', 'version': '1.0.0', 'state': 'primary', 'artifactRegistryDomain': 'pkg.dev'}]
2025-08-22 13:36:53,273 INFO     ___FILE_ONLY___ 
Update done!


2025-08-22 13:36:53,275 DEBUG    root            Chosen display Format:none
2025-08-22 13:36:53,276 INFO     root            Display format: "none"
